mode: atomic
github.com/armory-io/pacrd/api/v1alpha1/manual_judgment_stage.go:61.64,64.16 2 1
github.com/armory-io/pacrd/api/v1alpha1/manual_judgment_stage.go:69.2,69.32 1 1
github.com/armory-io/pacrd/api/v1alpha1/manual_judgment_stage.go:73.2,73.33 1 1
github.com/armory-io/pacrd/api/v1alpha1/manual_judgment_stage.go:77.2,77.12 1 1
github.com/armory-io/pacrd/api/v1alpha1/manual_judgment_stage.go:64.16,67.3 2 0
github.com/armory-io/pacrd/api/v1alpha1/manual_judgment_stage.go:69.32,71.3 1 1
github.com/armory-io/pacrd/api/v1alpha1/manual_judgment_stage.go:73.33,75.3 1 1
github.com/armory-io/pacrd/api/v1alpha1/manual_judgment_stage.go:80.66,84.53 4 1
github.com/armory-io/pacrd/api/v1alpha1/manual_judgment_stage.go:87.2,87.14 1 1
github.com/armory-io/pacrd/api/v1alpha1/manual_judgment_stage.go:84.53,86.3 1 3
github.com/armory-io/pacrd/api/v1alpha1/pipeline_stage_types.go:26.62,30.2 3 0
github.com/armory-io/pacrd/api/v1alpha1/pipeline_stage_types.go:32.60,35.16 2 0
github.com/armory-io/pacrd/api/v1alpha1/pipeline_stage_types.go:40.2,40.12 1 0
github.com/armory-io/pacrd/api/v1alpha1/pipeline_stage_types.go:35.16,38.3 2 0
github.com/armory-io/pacrd/api/v1alpha1/pipeline_stage_types.go:43.46,45.17 2 107
github.com/armory-io/pacrd/api/v1alpha1/pipeline_stage_types.go:65.2,65.10 1 107
github.com/armory-io/pacrd/api/v1alpha1/pipeline_stage_types.go:46.22,47.35 1 1
github.com/armory-io/pacrd/api/v1alpha1/pipeline_stage_types.go:48.35,49.48 1 1
github.com/armory-io/pacrd/api/v1alpha1/pipeline_stage_types.go:50.24,51.37 1 1
github.com/armory-io/pacrd/api/v1alpha1/pipeline_stage_types.go:52.24,53.37 1 1
github.com/armory-io/pacrd/api/v1alpha1/pipeline_stage_types.go:54.29,55.42 1 1
github.com/armory-io/pacrd/api/v1alpha1/pipeline_stage_types.go:56.28,57.41 1 1
github.com/armory-io/pacrd/api/v1alpha1/pipeline_stage_types.go:58.24,59.37 1 100
github.com/armory-io/pacrd/api/v1alpha1/pipeline_stage_types.go:60.17,61.30 1 1
github.com/armory-io/pacrd/api/v1alpha1/pipeline_stage_types.go:62.10,63.35 1 0
github.com/armory-io/pacrd/api/v1alpha1/pipeline_stage_types.go:69.73,78.2 6 107
github.com/armory-io/pacrd/api/v1alpha1/undo_rollout_stage.go:33.70,36.16 2 1
github.com/armory-io/pacrd/api/v1alpha1/undo_rollout_stage.go:41.2,41.12 1 1
github.com/armory-io/pacrd/api/v1alpha1/undo_rollout_stage.go:36.16,39.3 2 0
github.com/armory-io/pacrd/api/v1alpha1/undo_rollout_stage.go:44.72,48.54 4 1
github.com/armory-io/pacrd/api/v1alpha1/undo_rollout_stage.go:53.2,53.86 1 1
github.com/armory-io/pacrd/api/v1alpha1/undo_rollout_stage.go:64.2,64.14 1 1
github.com/armory-io/pacrd/api/v1alpha1/undo_rollout_stage.go:48.54,50.3 1 3
github.com/armory-io/pacrd/api/v1alpha1/undo_rollout_stage.go:53.86,56.17 2 1
github.com/armory-io/pacrd/api/v1alpha1/undo_rollout_stage.go:61.3,61.39 1 1
github.com/armory-io/pacrd/api/v1alpha1/undo_rollout_stage.go:56.17,59.4 2 0
github.com/armory-io/pacrd/api/v1alpha1/zz_generated.deepcopy.go:27.55,33.2 5 0
github.com/armory-io/pacrd/api/v1alpha1/zz_generated.deepcopy.go:36.48,37.15 1 0
github.com/armory-io/pacrd/api/v1alpha1/zz_generated.deepcopy.go:40.2,42.12 3 0
github.com/armory-io/pacrd/api/v1alpha1/zz_generated.deepcopy.go:37.15,39.3 1 0
github.com/armory-io/pacrd/api/v1alpha1/zz_generated.deepcopy.go:46.56,47.34 1 0
github.com/armory-io/pacrd/api/v1alpha1/zz_generated.deepcopy.go:50.2,50.12 1 0
github.com/armory-io/pacrd/api/v1alpha1/zz_generated.deepcopy.go:47.34,49.3 1 0
github.com/armory-io/pacrd/api/v1alpha1/zz_generated.deepcopy.go:54.63,58.21 4 0
github.com/armory-io/pacrd/api/v1alpha1/zz_generated.deepcopy.go:58.21,61.22 3 0
github.com/armory-io/pacrd/api/v1alpha1/zz_generated.deepcopy.go:61.22,63.4 1 0
github.com/armory-io/pacrd/api/v1alpha1/zz_generated.deepcopy.go:68.56,69.15 1 0
github.com/armory-io/pacrd/api/v1alpha1/zz_generated.deepcopy.go:72.2,74.12 3 0
github.com/armory-io/pacrd/api/v1alpha1/zz_generated.deepcopy.go:69.15,71.3 1 0
github.com/armory-io/pacrd/api/v1alpha1/zz_generated.deepcopy.go:78.60,79.34 1 0
github.com/armory-io/pacrd/api/v1alpha1/zz_generated.deepcopy.go:82.2,82.12 1 0
github.com/armory-io/pacrd/api/v1alpha1/zz_generated.deepcopy.go:79.34,81.3 1 0
github.com/armory-io/pacrd/api/v1alpha1/zz_generated.deepcopy.go:86.63,88.27 2 0
github.com/armory-io/pacrd/api/v1alpha1/zz_generated.deepcopy.go:93.2,93.27 1 0
github.com/armory-io/pacrd/api/v1alpha1/zz_generated.deepcopy.go:88.27,92.3 3 0
github.com/armory-io/pacrd/api/v1alpha1/zz_generated.deepcopy.go:93.27,97.3 3 0
github.com/armory-io/pacrd/api/v1alpha1/zz_generated.deepcopy.go:101.56,102.15 1 0
github.com/armory-io/pacrd/api/v1alpha1/zz_generated.deepcopy.go:105.2,107.12 3 0
github.com/armory-io/pacrd/api/v1alpha1/zz_generated.deepcopy.go:102.15,104.3 1 0
github.com/armory-io/pacrd/api/v1alpha1/zz_generated.deepcopy.go:111.67,114.2 2 0
github.com/armory-io/pacrd/api/v1alpha1/zz_generated.deepcopy.go:117.60,118.15 1 0
github.com/armory-io/pacrd/api/v1alpha1/zz_generated.deepcopy.go:121.2,123.12 3 0
github.com/armory-io/pacrd/api/v1alpha1/zz_generated.deepcopy.go:118.15,120.3 1 0
github.com/armory-io/pacrd/api/v1alpha1/zz_generated.deepcopy.go:127.49,129.31 2 0
github.com/armory-io/pacrd/api/v1alpha1/zz_generated.deepcopy.go:134.2,134.51 1 0
github.com/armory-io/pacrd/api/v1alpha1/zz_generated.deepcopy.go:129.31,133.3 3 0
github.com/armory-io/pacrd/api/v1alpha1/zz_generated.deepcopy.go:138.42,139.15 1 0
github.com/armory-io/pacrd/api/v1alpha1/zz_generated.deepcopy.go:142.2,144.12 3 0
github.com/armory-io/pacrd/api/v1alpha1/zz_generated.deepcopy.go:139.15,141.3 1 0
github.com/armory-io/pacrd/api/v1alpha1/zz_generated.deepcopy.go:148.67,150.2 1 0
github.com/armory-io/pacrd/api/v1alpha1/zz_generated.deepcopy.go:153.60,154.15 1 0
github.com/armory-io/pacrd/api/v1alpha1/zz_generated.deepcopy.go:157.2,159.12 3 0
github.com/armory-io/pacrd/api/v1alpha1/zz_generated.deepcopy.go:154.15,156.3 1 0
github.com/armory-io/pacrd/api/v1alpha1/zz_generated.deepcopy.go:163.57,166.28 3 0
github.com/armory-io/pacrd/api/v1alpha1/zz_generated.deepcopy.go:171.2,171.32 1 0
github.com/armory-io/pacrd/api/v1alpha1/zz_generated.deepcopy.go:176.2,176.45 1 0
github.com/armory-io/pacrd/api/v1alpha1/zz_generated.deepcopy.go:181.2,181.33 1 0
github.com/armory-io/pacrd/api/v1alpha1/zz_generated.deepcopy.go:188.2,188.30 1 0
github.com/armory-io/pacrd/api/v1alpha1/zz_generated.deepcopy.go:199.2,200.25 2 0
github.com/armory-io/pacrd/api/v1alpha1/zz_generated.deepcopy.go:166.28,170.3 3 0
github.com/armory-io/pacrd/api/v1alpha1/zz_generated.deepcopy.go:171.32,175.3 3 0
github.com/armory-io/pacrd/api/v1alpha1/zz_generated.deepcopy.go:176.45,180.3 3 0
github.com/armory-io/pacrd/api/v1alpha1/zz_generated.deepcopy.go:181.33,184.22 3 0
github.com/armory-io/pacrd/api/v1alpha1/zz_generated.deepcopy.go:184.22,186.4 1 0
github.com/armory-io/pacrd/api/v1alpha1/zz_generated.deepcopy.go:188.30,191.22 3 0
github.com/armory-io/pacrd/api/v1alpha1/zz_generated.deepcopy.go:191.22,192.23 1 0
github.com/armory-io/pacrd/api/v1alpha1/zz_generated.deepcopy.go:192.23,196.5 3 0
github.com/armory-io/pacrd/api/v1alpha1/zz_generated.deepcopy.go:200.25,203.29 3 0
github.com/armory-io/pacrd/api/v1alpha1/zz_generated.deepcopy.go:203.29,205.4 1 0
github.com/armory-io/pacrd/api/v1alpha1/zz_generated.deepcopy.go:210.50,211.15 1 0
github.com/armory-io/pacrd/api/v1alpha1/zz_generated.deepcopy.go:214.2,216.12 3 0
github.com/armory-io/pacrd/api/v1alpha1/zz_generated.deepcopy.go:211.15,213.3 1 0
github.com/armory-io/pacrd/api/v1alpha1/zz_generated.deepcopy.go:220.69,223.29 3 0
github.com/armory-io/pacrd/api/v1alpha1/zz_generated.deepcopy.go:223.29,226.22 3 0
github.com/armory-io/pacrd/api/v1alpha1/zz_generated.deepcopy.go:226.22,227.23 1 0
github.com/armory-io/pacrd/api/v1alpha1/zz_generated.deepcopy.go:227.23,231.5 3 0
github.com/armory-io/pacrd/api/v1alpha1/zz_generated.deepcopy.go:237.62,238.15 1 0
github.com/armory-io/pacrd/api/v1alpha1/zz_generated.deepcopy.go:241.2,243.12 3 0
github.com/armory-io/pacrd/api/v1alpha1/zz_generated.deepcopy.go:238.15,240.3 1 0
github.com/armory-io/pacrd/api/v1alpha1/zz_generated.deepcopy.go:247.47,249.30 2 0
github.com/armory-io/pacrd/api/v1alpha1/zz_generated.deepcopy.go:249.30,253.3 3 0
github.com/armory-io/pacrd/api/v1alpha1/zz_generated.deepcopy.go:257.40,258.15 1 0
github.com/armory-io/pacrd/api/v1alpha1/zz_generated.deepcopy.go:261.2,263.12 3 0
github.com/armory-io/pacrd/api/v1alpha1/zz_generated.deepcopy.go:258.15,260.3 1 0
github.com/armory-io/pacrd/api/v1alpha1/zz_generated.deepcopy.go:267.61,269.2 1 0
github.com/armory-io/pacrd/api/v1alpha1/zz_generated.deepcopy.go:272.54,273.15 1 0
github.com/armory-io/pacrd/api/v1alpha1/zz_generated.deepcopy.go:276.2,278.12 3 0
github.com/armory-io/pacrd/api/v1alpha1/zz_generated.deepcopy.go:273.15,275.3 1 0
github.com/armory-io/pacrd/api/v1alpha1/zz_generated.deepcopy.go:282.55,284.23 2 0
github.com/armory-io/pacrd/api/v1alpha1/zz_generated.deepcopy.go:293.2,293.24 1 0
github.com/armory-io/pacrd/api/v1alpha1/zz_generated.deepcopy.go:284.23,287.18 3 0
github.com/armory-io/pacrd/api/v1alpha1/zz_generated.deepcopy.go:287.18,291.4 3 0
github.com/armory-io/pacrd/api/v1alpha1/zz_generated.deepcopy.go:293.24,296.18 3 0
github.com/armory-io/pacrd/api/v1alpha1/zz_generated.deepcopy.go:296.18,300.4 3 0
github.com/armory-io/pacrd/api/v1alpha1/zz_generated.deepcopy.go:305.48,306.15 1 0
github.com/armory-io/pacrd/api/v1alpha1/zz_generated.deepcopy.go:309.2,311.12 3 0
github.com/armory-io/pacrd/api/v1alpha1/zz_generated.deepcopy.go:306.15,308.3 1 0
github.com/armory-io/pacrd/api/v1alpha1/zz_generated.deepcopy.go:315.61,319.23 4 0
github.com/armory-io/pacrd/api/v1alpha1/zz_generated.deepcopy.go:324.2,324.21 1 0
github.com/armory-io/pacrd/api/v1alpha1/zz_generated.deepcopy.go:319.23,323.3 3 0
github.com/armory-io/pacrd/api/v1alpha1/zz_generated.deepcopy.go:324.21,328.3 3 0
github.com/armory-io/pacrd/api/v1alpha1/zz_generated.deepcopy.go:332.54,333.15 1 0
github.com/armory-io/pacrd/api/v1alpha1/zz_generated.deepcopy.go:336.2,338.12 3 0
github.com/armory-io/pacrd/api/v1alpha1/zz_generated.deepcopy.go:333.15,335.3 1 0
github.com/armory-io/pacrd/api/v1alpha1/zz_generated.deepcopy.go:342.61,345.25 3 0
github.com/armory-io/pacrd/api/v1alpha1/zz_generated.deepcopy.go:350.2,351.32 2 0
github.com/armory-io/pacrd/api/v1alpha1/zz_generated.deepcopy.go:356.2,356.33 1 0
github.com/armory-io/pacrd/api/v1alpha1/zz_generated.deepcopy.go:363.2,363.35 1 0
github.com/armory-io/pacrd/api/v1alpha1/zz_generated.deepcopy.go:368.2,368.59 1 0
github.com/armory-io/pacrd/api/v1alpha1/zz_generated.deepcopy.go:345.25,349.3 3 0
github.com/armory-io/pacrd/api/v1alpha1/zz_generated.deepcopy.go:351.32,355.3 3 0
github.com/armory-io/pacrd/api/v1alpha1/zz_generated.deepcopy.go:356.33,359.22 3 0
github.com/armory-io/pacrd/api/v1alpha1/zz_generated.deepcopy.go:359.22,361.4 1 0
github.com/armory-io/pacrd/api/v1alpha1/zz_generated.deepcopy.go:363.35,367.3 3 0
github.com/armory-io/pacrd/api/v1alpha1/zz_generated.deepcopy.go:372.54,373.15 1 0
github.com/armory-io/pacrd/api/v1alpha1/zz_generated.deepcopy.go:376.2,378.12 3 0
github.com/armory-io/pacrd/api/v1alpha1/zz_generated.deepcopy.go:373.15,375.3 1 0
github.com/armory-io/pacrd/api/v1alpha1/zz_generated.deepcopy.go:382.65,384.2 1 0
github.com/armory-io/pacrd/api/v1alpha1/zz_generated.deepcopy.go:387.58,388.15 1 0
github.com/armory-io/pacrd/api/v1alpha1/zz_generated.deepcopy.go:391.2,393.12 3 0
github.com/armory-io/pacrd/api/v1alpha1/zz_generated.deepcopy.go:388.15,390.3 1 0
github.com/armory-io/pacrd/api/v1alpha1/zz_generated.deepcopy.go:397.65,399.2 1 0
github.com/armory-io/pacrd/api/v1alpha1/zz_generated.deepcopy.go:402.58,403.15 1 0
github.com/armory-io/pacrd/api/v1alpha1/zz_generated.deepcopy.go:406.2,408.12 3 0
github.com/armory-io/pacrd/api/v1alpha1/zz_generated.deepcopy.go:403.15,405.3 1 0
github.com/armory-io/pacrd/api/v1alpha1/zz_generated.deepcopy.go:412.83,415.2 2 0
github.com/armory-io/pacrd/api/v1alpha1/zz_generated.deepcopy.go:418.76,419.15 1 0
github.com/armory-io/pacrd/api/v1alpha1/zz_generated.deepcopy.go:422.2,424.12 3 0
github.com/armory-io/pacrd/api/v1alpha1/zz_generated.deepcopy.go:419.15,421.3 1 0
github.com/armory-io/pacrd/api/v1alpha1/zz_generated.deepcopy.go:428.45,430.2 1 0
github.com/armory-io/pacrd/api/v1alpha1/zz_generated.deepcopy.go:433.38,434.15 1 0
github.com/armory-io/pacrd/api/v1alpha1/zz_generated.deepcopy.go:437.2,439.12 3 0
github.com/armory-io/pacrd/api/v1alpha1/zz_generated.deepcopy.go:434.15,436.3 1 0
github.com/armory-io/pacrd/api/v1alpha1/zz_generated.deepcopy.go:443.59,445.2 1 0
github.com/armory-io/pacrd/api/v1alpha1/zz_generated.deepcopy.go:448.52,449.15 1 0
github.com/armory-io/pacrd/api/v1alpha1/zz_generated.deepcopy.go:452.2,454.12 3 0
github.com/armory-io/pacrd/api/v1alpha1/zz_generated.deepcopy.go:449.15,451.3 1 0
github.com/armory-io/pacrd/api/v1alpha1/zz_generated.deepcopy.go:458.63,460.38 2 0
github.com/armory-io/pacrd/api/v1alpha1/zz_generated.deepcopy.go:465.2,465.34 1 0
github.com/armory-io/pacrd/api/v1alpha1/zz_generated.deepcopy.go:460.38,464.3 3 0
github.com/armory-io/pacrd/api/v1alpha1/zz_generated.deepcopy.go:465.34,469.3 3 0
github.com/armory-io/pacrd/api/v1alpha1/zz_generated.deepcopy.go:473.56,474.15 1 0
github.com/armory-io/pacrd/api/v1alpha1/zz_generated.deepcopy.go:477.2,479.12 3 0
github.com/armory-io/pacrd/api/v1alpha1/zz_generated.deepcopy.go:474.15,476.3 1 0
github.com/armory-io/pacrd/api/v1alpha1/zz_generated.deepcopy.go:483.73,485.2 1 0
github.com/armory-io/pacrd/api/v1alpha1/zz_generated.deepcopy.go:488.66,489.15 1 0
github.com/armory-io/pacrd/api/v1alpha1/zz_generated.deepcopy.go:492.2,494.12 3 0
github.com/armory-io/pacrd/api/v1alpha1/zz_generated.deepcopy.go:489.15,491.3 1 0
github.com/armory-io/pacrd/api/v1alpha1/zz_generated.deepcopy.go:498.59,500.24 2 0
github.com/armory-io/pacrd/api/v1alpha1/zz_generated.deepcopy.go:500.24,503.22 3 0
github.com/armory-io/pacrd/api/v1alpha1/zz_generated.deepcopy.go:503.22,505.4 1 0
github.com/armory-io/pacrd/api/v1alpha1/zz_generated.deepcopy.go:510.52,511.15 1 0
github.com/armory-io/pacrd/api/v1alpha1/zz_generated.deepcopy.go:514.2,516.12 3 0
github.com/armory-io/pacrd/api/v1alpha1/zz_generated.deepcopy.go:511.15,513.3 1 0
github.com/armory-io/pacrd/api/v1alpha1/zz_generated.deepcopy.go:520.61,523.29 3 0
github.com/armory-io/pacrd/api/v1alpha1/zz_generated.deepcopy.go:534.2,534.30 1 0
github.com/armory-io/pacrd/api/v1alpha1/zz_generated.deepcopy.go:523.29,526.22 3 0
github.com/armory-io/pacrd/api/v1alpha1/zz_generated.deepcopy.go:526.22,527.23 1 0
github.com/armory-io/pacrd/api/v1alpha1/zz_generated.deepcopy.go:527.23,531.5 3 0
github.com/armory-io/pacrd/api/v1alpha1/zz_generated.deepcopy.go:534.30,538.3 3 0
github.com/armory-io/pacrd/api/v1alpha1/zz_generated.deepcopy.go:542.54,543.15 1 0
github.com/armory-io/pacrd/api/v1alpha1/zz_generated.deepcopy.go:546.2,548.12 3 0
github.com/armory-io/pacrd/api/v1alpha1/zz_generated.deepcopy.go:543.15,545.3 1 0
github.com/armory-io/pacrd/api/v1alpha1/zz_generated.deepcopy.go:552.85,554.23 2 0
github.com/armory-io/pacrd/api/v1alpha1/zz_generated.deepcopy.go:559.2,559.20 1 0
github.com/armory-io/pacrd/api/v1alpha1/zz_generated.deepcopy.go:554.23,558.3 3 0
github.com/armory-io/pacrd/api/v1alpha1/zz_generated.deepcopy.go:559.20,562.18 3 0
github.com/armory-io/pacrd/api/v1alpha1/zz_generated.deepcopy.go:562.18,566.4 3 0
github.com/armory-io/pacrd/api/v1alpha1/zz_generated.deepcopy.go:571.78,572.15 1 0
github.com/armory-io/pacrd/api/v1alpha1/zz_generated.deepcopy.go:575.2,577.12 3 0
github.com/armory-io/pacrd/api/v1alpha1/zz_generated.deepcopy.go:572.15,574.3 1 0
github.com/armory-io/pacrd/api/v1alpha1/zz_generated.deepcopy.go:581.59,584.2 2 0
github.com/armory-io/pacrd/api/v1alpha1/zz_generated.deepcopy.go:587.52,588.15 1 0
github.com/armory-io/pacrd/api/v1alpha1/zz_generated.deepcopy.go:591.2,593.12 3 0
github.com/armory-io/pacrd/api/v1alpha1/zz_generated.deepcopy.go:588.15,590.3 1 0
github.com/armory-io/pacrd/api/v1alpha1/zz_generated.deepcopy.go:597.53,600.2 2 0
github.com/armory-io/pacrd/api/v1alpha1/zz_generated.deepcopy.go:603.46,604.15 1 0
github.com/armory-io/pacrd/api/v1alpha1/zz_generated.deepcopy.go:607.2,609.12 3 0
github.com/armory-io/pacrd/api/v1alpha1/zz_generated.deepcopy.go:604.15,606.3 1 0
github.com/armory-io/pacrd/api/v1alpha1/zz_generated.deepcopy.go:613.47,615.2 1 0
github.com/armory-io/pacrd/api/v1alpha1/zz_generated.deepcopy.go:618.40,619.15 1 0
github.com/armory-io/pacrd/api/v1alpha1/zz_generated.deepcopy.go:622.2,624.12 3 0
github.com/armory-io/pacrd/api/v1alpha1/zz_generated.deepcopy.go:619.15,621.3 1 0
github.com/armory-io/pacrd/api/v1alpha1/zz_generated.deepcopy.go:628.55,630.2 1 0
github.com/armory-io/pacrd/api/v1alpha1/zz_generated.deepcopy.go:633.48,634.15 1 0
github.com/armory-io/pacrd/api/v1alpha1/zz_generated.deepcopy.go:637.2,639.12 3 0
github.com/armory-io/pacrd/api/v1alpha1/zz_generated.deepcopy.go:634.15,636.3 1 0
github.com/armory-io/pacrd/api/v1alpha1/zz_generated.deepcopy.go:643.47,645.34 2 0
github.com/armory-io/pacrd/api/v1alpha1/zz_generated.deepcopy.go:645.34,649.3 3 0
github.com/armory-io/pacrd/api/v1alpha1/zz_generated.deepcopy.go:653.40,654.15 1 0
github.com/armory-io/pacrd/api/v1alpha1/zz_generated.deepcopy.go:657.2,659.12 3 0
github.com/armory-io/pacrd/api/v1alpha1/zz_generated.deepcopy.go:654.15,656.3 1 0
github.com/armory-io/pacrd/api/v1alpha1/zz_generated.deepcopy.go:663.51,665.23 2 0
github.com/armory-io/pacrd/api/v1alpha1/zz_generated.deepcopy.go:665.23,668.18 3 0
github.com/armory-io/pacrd/api/v1alpha1/zz_generated.deepcopy.go:668.18,672.4 3 0
github.com/armory-io/pacrd/api/v1alpha1/zz_generated.deepcopy.go:677.44,678.15 1 0
github.com/armory-io/pacrd/api/v1alpha1/zz_generated.deepcopy.go:681.2,683.12 3 0
github.com/armory-io/pacrd/api/v1alpha1/zz_generated.deepcopy.go:678.15,680.3 1 0
github.com/armory-io/pacrd/api/v1alpha1/zz_generated.deepcopy.go:687.55,689.20 2 0
github.com/armory-io/pacrd/api/v1alpha1/zz_generated.deepcopy.go:698.2,698.21 1 0
github.com/armory-io/pacrd/api/v1alpha1/zz_generated.deepcopy.go:707.2,707.23 1 0
github.com/armory-io/pacrd/api/v1alpha1/zz_generated.deepcopy.go:689.20,692.18 3 0
github.com/armory-io/pacrd/api/v1alpha1/zz_generated.deepcopy.go:692.18,696.4 3 0
github.com/armory-io/pacrd/api/v1alpha1/zz_generated.deepcopy.go:698.21,701.18 3 0
github.com/armory-io/pacrd/api/v1alpha1/zz_generated.deepcopy.go:701.18,705.4 3 0
github.com/armory-io/pacrd/api/v1alpha1/zz_generated.deepcopy.go:707.23,710.18 3 0
github.com/armory-io/pacrd/api/v1alpha1/zz_generated.deepcopy.go:710.18,714.4 3 0
github.com/armory-io/pacrd/api/v1alpha1/zz_generated.deepcopy.go:719.48,720.15 1 0
github.com/armory-io/pacrd/api/v1alpha1/zz_generated.deepcopy.go:723.2,725.12 3 0
github.com/armory-io/pacrd/api/v1alpha1/zz_generated.deepcopy.go:720.15,722.3 1 0
github.com/armory-io/pacrd/api/v1alpha1/zz_generated.deepcopy.go:729.49,735.2 5 0
github.com/armory-io/pacrd/api/v1alpha1/zz_generated.deepcopy.go:738.42,739.15 1 0
github.com/armory-io/pacrd/api/v1alpha1/zz_generated.deepcopy.go:742.2,744.12 3 0
github.com/armory-io/pacrd/api/v1alpha1/zz_generated.deepcopy.go:739.15,741.3 1 0
github.com/armory-io/pacrd/api/v1alpha1/zz_generated.deepcopy.go:748.53,749.34 1 0
github.com/armory-io/pacrd/api/v1alpha1/zz_generated.deepcopy.go:752.2,752.12 1 0
github.com/armory-io/pacrd/api/v1alpha1/zz_generated.deepcopy.go:749.34,751.3 1 0
github.com/armory-io/pacrd/api/v1alpha1/zz_generated.deepcopy.go:756.57,760.21 4 0
github.com/armory-io/pacrd/api/v1alpha1/zz_generated.deepcopy.go:760.21,763.22 3 0
github.com/armory-io/pacrd/api/v1alpha1/zz_generated.deepcopy.go:763.22,765.4 1 0
github.com/armory-io/pacrd/api/v1alpha1/zz_generated.deepcopy.go:770.50,771.15 1 0
github.com/armory-io/pacrd/api/v1alpha1/zz_generated.deepcopy.go:774.2,776.12 3 0
github.com/armory-io/pacrd/api/v1alpha1/zz_generated.deepcopy.go:771.15,773.3 1 0
github.com/armory-io/pacrd/api/v1alpha1/zz_generated.deepcopy.go:780.57,781.34 1 0
github.com/armory-io/pacrd/api/v1alpha1/zz_generated.deepcopy.go:784.2,784.12 1 0
github.com/armory-io/pacrd/api/v1alpha1/zz_generated.deepcopy.go:781.34,783.3 1 0
github.com/armory-io/pacrd/api/v1alpha1/zz_generated.deepcopy.go:788.57,790.31 2 0
github.com/armory-io/pacrd/api/v1alpha1/zz_generated.deepcopy.go:801.2,801.33 1 0
github.com/armory-io/pacrd/api/v1alpha1/zz_generated.deepcopy.go:812.2,812.22 1 0
github.com/armory-io/pacrd/api/v1alpha1/zz_generated.deepcopy.go:819.2,819.24 1 0
github.com/armory-io/pacrd/api/v1alpha1/zz_generated.deepcopy.go:790.31,793.18 3 0
github.com/armory-io/pacrd/api/v1alpha1/zz_generated.deepcopy.go:793.18,796.23 3 0
github.com/armory-io/pacrd/api/v1alpha1/zz_generated.deepcopy.go:796.23,798.5 1 0
github.com/armory-io/pacrd/api/v1alpha1/zz_generated.deepcopy.go:801.33,804.18 3 0
github.com/armory-io/pacrd/api/v1alpha1/zz_generated.deepcopy.go:804.18,807.23 3 0
github.com/armory-io/pacrd/api/v1alpha1/zz_generated.deepcopy.go:807.23,809.5 1 0
github.com/armory-io/pacrd/api/v1alpha1/zz_generated.deepcopy.go:812.22,815.22 3 0
github.com/armory-io/pacrd/api/v1alpha1/zz_generated.deepcopy.go:815.22,817.4 1 0
github.com/armory-io/pacrd/api/v1alpha1/zz_generated.deepcopy.go:819.24,822.18 3 0
github.com/armory-io/pacrd/api/v1alpha1/zz_generated.deepcopy.go:822.18,825.23 3 0
github.com/armory-io/pacrd/api/v1alpha1/zz_generated.deepcopy.go:825.23,827.5 1 0
github.com/armory-io/pacrd/api/v1alpha1/zz_generated.deepcopy.go:833.50,834.15 1 0
github.com/armory-io/pacrd/api/v1alpha1/zz_generated.deepcopy.go:837.2,839.12 3 0
github.com/armory-io/pacrd/api/v1alpha1/zz_generated.deepcopy.go:834.15,836.3 1 0
github.com/armory-io/pacrd/api/v1alpha1/zz_generated.deepcopy.go:843.61,846.2 2 0
github.com/armory-io/pacrd/api/v1alpha1/zz_generated.deepcopy.go:849.54,850.15 1 0
github.com/armory-io/pacrd/api/v1alpha1/zz_generated.deepcopy.go:853.2,855.12 3 0
github.com/armory-io/pacrd/api/v1alpha1/zz_generated.deepcopy.go:850.15,852.3 1 0
github.com/armory-io/pacrd/api/v1alpha1/zz_generated.deepcopy.go:859.57,862.2 2 0
github.com/armory-io/pacrd/api/v1alpha1/zz_generated.deepcopy.go:865.50,866.15 1 0
github.com/armory-io/pacrd/api/v1alpha1/zz_generated.deepcopy.go:869.2,871.12 3 0
github.com/armory-io/pacrd/api/v1alpha1/zz_generated.deepcopy.go:866.15,868.3 1 0
github.com/armory-io/pacrd/api/v1alpha1/zz_generated.deepcopy.go:875.83,877.20 2 0
github.com/armory-io/pacrd/api/v1alpha1/zz_generated.deepcopy.go:882.2,883.25 2 0
github.com/armory-io/pacrd/api/v1alpha1/zz_generated.deepcopy.go:877.20,881.3 3 0
github.com/armory-io/pacrd/api/v1alpha1/zz_generated.deepcopy.go:883.25,887.3 3 0
github.com/armory-io/pacrd/api/v1alpha1/zz_generated.deepcopy.go:891.76,892.15 1 0
github.com/armory-io/pacrd/api/v1alpha1/zz_generated.deepcopy.go:895.2,897.12 3 0
github.com/armory-io/pacrd/api/v1alpha1/zz_generated.deepcopy.go:892.15,894.3 1 0
github.com/armory-io/pacrd/api/v1alpha1/zz_generated.deepcopy.go:901.49,903.22 2 0
github.com/armory-io/pacrd/api/v1alpha1/zz_generated.deepcopy.go:903.22,907.3 3 0
github.com/armory-io/pacrd/api/v1alpha1/zz_generated.deepcopy.go:911.42,912.15 1 0
github.com/armory-io/pacrd/api/v1alpha1/zz_generated.deepcopy.go:915.2,917.12 3 0
github.com/armory-io/pacrd/api/v1alpha1/zz_generated.deepcopy.go:912.15,914.3 1 0
github.com/armory-io/pacrd/api/v1alpha1/zz_generated.deepcopy.go:921.43,923.36 2 0
github.com/armory-io/pacrd/api/v1alpha1/zz_generated.deepcopy.go:928.2,928.28 1 0
github.com/armory-io/pacrd/api/v1alpha1/zz_generated.deepcopy.go:933.2,933.75 1 0
github.com/armory-io/pacrd/api/v1alpha1/zz_generated.deepcopy.go:923.36,927.3 3 0
github.com/armory-io/pacrd/api/v1alpha1/zz_generated.deepcopy.go:928.28,932.3 3 0
github.com/armory-io/pacrd/api/v1alpha1/zz_generated.deepcopy.go:937.36,938.15 1 0
github.com/armory-io/pacrd/api/v1alpha1/zz_generated.deepcopy.go:941.2,943.12 3 0
github.com/armory-io/pacrd/api/v1alpha1/zz_generated.deepcopy.go:938.15,940.3 1 0
github.com/armory-io/pacrd/api/v1alpha1/zz_generated.deepcopy.go:947.57,949.2 1 0
github.com/armory-io/pacrd/api/v1alpha1/zz_generated.deepcopy.go:952.50,953.15 1 0
github.com/armory-io/pacrd/api/v1alpha1/zz_generated.deepcopy.go:956.2,958.12 3 0
github.com/armory-io/pacrd/api/v1alpha1/zz_generated.deepcopy.go:953.15,955.3 1 0
github.com/armory-io/pacrd/api/v1alpha1/zz_generated.deepcopy.go:962.67,965.2 2 0
github.com/armory-io/pacrd/api/v1alpha1/zz_generated.deepcopy.go:968.60,969.15 1 0
github.com/armory-io/pacrd/api/v1alpha1/zz_generated.deepcopy.go:972.2,974.12 3 0
github.com/armory-io/pacrd/api/v1alpha1/zz_generated.deepcopy.go:969.15,971.3 1 0
github.com/armory-io/pacrd/api/v1alpha1/zz_generated.deepcopy.go:978.81,980.24 2 0
github.com/armory-io/pacrd/api/v1alpha1/zz_generated.deepcopy.go:980.24,984.3 3 0
github.com/armory-io/pacrd/api/v1alpha1/zz_generated.deepcopy.go:988.74,989.15 1 0
github.com/armory-io/pacrd/api/v1alpha1/zz_generated.deepcopy.go:992.2,994.12 3 0
github.com/armory-io/pacrd/api/v1alpha1/zz_generated.deepcopy.go:989.15,991.3 1 0
github.com/armory-io/pacrd/api/v1alpha1/zz_generated.deepcopy.go:998.47,1001.2 2 0
github.com/armory-io/pacrd/api/v1alpha1/zz_generated.deepcopy.go:1004.40,1005.15 1 0
github.com/armory-io/pacrd/api/v1alpha1/zz_generated.deepcopy.go:1008.2,1010.12 3 0
github.com/armory-io/pacrd/api/v1alpha1/zz_generated.deepcopy.go:1005.15,1007.3 1 0
github.com/armory-io/pacrd/api/v1alpha1/zz_generated.deepcopy.go:1014.71,1017.2 2 0
github.com/armory-io/pacrd/api/v1alpha1/zz_generated.deepcopy.go:1020.64,1021.15 1 0
github.com/armory-io/pacrd/api/v1alpha1/zz_generated.deepcopy.go:1024.2,1026.12 3 0
github.com/armory-io/pacrd/api/v1alpha1/zz_generated.deepcopy.go:1021.15,1023.3 1 0
github.com/armory-io/pacrd/api/v1alpha1/zz_generated.deepcopy.go:1030.47,1033.33 3 0
github.com/armory-io/pacrd/api/v1alpha1/zz_generated.deepcopy.go:1040.2,1041.32 2 0
github.com/armory-io/pacrd/api/v1alpha1/zz_generated.deepcopy.go:1046.2,1046.35 1 0
github.com/armory-io/pacrd/api/v1alpha1/zz_generated.deepcopy.go:1033.33,1036.22 3 0
github.com/armory-io/pacrd/api/v1alpha1/zz_generated.deepcopy.go:1036.22,1038.4 1 0
github.com/armory-io/pacrd/api/v1alpha1/zz_generated.deepcopy.go:1041.32,1045.3 3 0
github.com/armory-io/pacrd/api/v1alpha1/zz_generated.deepcopy.go:1046.35,1050.3 3 0
github.com/armory-io/pacrd/api/v1alpha1/zz_generated.deepcopy.go:1054.40,1055.15 1 0
github.com/armory-io/pacrd/api/v1alpha1/zz_generated.deepcopy.go:1058.2,1060.12 3 0
github.com/armory-io/pacrd/api/v1alpha1/zz_generated.deepcopy.go:1055.15,1057.3 1 0
github.com/armory-io/pacrd/api/v1alpha1/zz_generated.deepcopy.go:1064.63,1066.2 1 0
github.com/armory-io/pacrd/api/v1alpha1/zz_generated.deepcopy.go:1069.56,1070.15 1 0
github.com/armory-io/pacrd/api/v1alpha1/zz_generated.deepcopy.go:1073.2,1075.12 3 0
github.com/armory-io/pacrd/api/v1alpha1/zz_generated.deepcopy.go:1070.15,1072.3 1 0
github.com/armory-io/pacrd/api/v1alpha1/application_types.go:134.13,136.2 1 1
github.com/armory-io/pacrd/api/v1alpha1/application_types.go:139.60,146.31 2 0
github.com/armory-io/pacrd/api/v1alpha1/application_types.go:166.2,166.31 1 0
github.com/armory-io/pacrd/api/v1alpha1/application_types.go:182.2,182.16 1 0
github.com/armory-io/pacrd/api/v1alpha1/application_types.go:146.31,150.41 2 0
github.com/armory-io/pacrd/api/v1alpha1/application_types.go:157.3,157.40 1 0
github.com/armory-io/pacrd/api/v1alpha1/application_types.go:150.41,152.51 2 0
github.com/armory-io/pacrd/api/v1alpha1/application_types.go:155.4,155.50 1 0
github.com/armory-io/pacrd/api/v1alpha1/application_types.go:152.51,154.5 1 0
github.com/armory-io/pacrd/api/v1alpha1/application_types.go:157.40,159.50 2 0
github.com/armory-io/pacrd/api/v1alpha1/application_types.go:162.4,162.48 1 0
github.com/armory-io/pacrd/api/v1alpha1/application_types.go:159.50,161.5 1 0
github.com/armory-io/pacrd/api/v1alpha1/application_types.go:166.31,169.37 2 0
github.com/armory-io/pacrd/api/v1alpha1/application_types.go:173.3,173.38 1 0
github.com/armory-io/pacrd/api/v1alpha1/application_types.go:177.3,177.40 1 0
github.com/armory-io/pacrd/api/v1alpha1/application_types.go:169.37,171.4 1 0
github.com/armory-io/pacrd/api/v1alpha1/application_types.go:173.38,175.4 1 0
github.com/armory-io/pacrd/api/v1alpha1/application_types.go:177.40,179.4 1 0
github.com/armory-io/pacrd/api/v1alpha1/application_types.go:187.42,189.2 1 0
github.com/armory-io/pacrd/api/v1alpha1/pipeline_types.go:132.13,134.2 1 1
github.com/armory-io/pacrd/api/v1alpha1/pipeline_types.go:137.65,149.28 2 0
github.com/armory-io/pacrd/api/v1alpha1/pipeline_types.go:162.2,162.37 1 0
github.com/armory-io/pacrd/api/v1alpha1/pipeline_types.go:175.2,175.35 1 0
github.com/armory-io/pacrd/api/v1alpha1/pipeline_types.go:185.2,185.34 1 0
github.com/armory-io/pacrd/api/v1alpha1/pipeline_types.go:193.2,193.23 1 0
github.com/armory-io/pacrd/api/v1alpha1/pipeline_types.go:149.28,151.38 2 0
github.com/armory-io/pacrd/api/v1alpha1/pipeline_types.go:151.38,154.18 2 0
github.com/armory-io/pacrd/api/v1alpha1/pipeline_types.go:158.4,158.71 1 0
github.com/armory-io/pacrd/api/v1alpha1/pipeline_types.go:154.18,156.5 1 0
github.com/armory-io/pacrd/api/v1alpha1/pipeline_types.go:162.37,163.47 1 0
github.com/armory-io/pacrd/api/v1alpha1/pipeline_types.go:163.47,167.18 2 0
github.com/armory-io/pacrd/api/v1alpha1/pipeline_types.go:171.4,171.79 1 0
github.com/armory-io/pacrd/api/v1alpha1/pipeline_types.go:167.18,169.5 1 0
github.com/armory-io/pacrd/api/v1alpha1/pipeline_types.go:175.35,177.45 1 0
github.com/armory-io/pacrd/api/v1alpha1/pipeline_types.go:177.45,181.4 3 0
github.com/armory-io/pacrd/api/v1alpha1/pipeline_types.go:185.34,187.17 2 0
github.com/armory-io/pacrd/api/v1alpha1/pipeline_types.go:190.3,190.61 1 0
github.com/armory-io/pacrd/api/v1alpha1/pipeline_types.go:187.17,189.4 1 0
github.com/armory-io/pacrd/api/v1alpha1/pipeline_types.go:198.39,200.2 1 0
github.com/armory-io/pacrd/api/v1alpha1/util.go:9.69,10.48 1 103
github.com/armory-io/pacrd/api/v1alpha1/util.go:14.2,14.89 1 1
github.com/armory-io/pacrd/api/v1alpha1/util.go:10.48,12.3 1 102
github.com/armory-io/pacrd/api/v1alpha1/util.go:17.83,21.2 3 0
github.com/armory-io/pacrd/api/v1alpha1/util.go:23.99,24.53 1 3
github.com/armory-io/pacrd/api/v1alpha1/util.go:36.2,36.12 1 3
github.com/armory-io/pacrd/api/v1alpha1/util.go:24.53,26.17 2 0
github.com/armory-io/pacrd/api/v1alpha1/util.go:29.3,30.17 2 0
github.com/armory-io/pacrd/api/v1alpha1/util.go:34.3,34.13 1 0
github.com/armory-io/pacrd/api/v1alpha1/util.go:26.17,28.4 1 0
github.com/armory-io/pacrd/api/v1alpha1/util.go:30.17,32.4 1 0
github.com/armory-io/pacrd/api/v1alpha1/find_artifacts_from_resource_stage.go:20.77,23.16 2 1
github.com/armory-io/pacrd/api/v1alpha1/find_artifacts_from_resource_stage.go:28.2,28.12 1 1
github.com/armory-io/pacrd/api/v1alpha1/find_artifacts_from_resource_stage.go:23.16,26.3 2 0
github.com/armory-io/pacrd/api/v1alpha1/find_artifacts_from_resource_stage.go:31.79,35.55 4 1
github.com/armory-io/pacrd/api/v1alpha1/find_artifacts_from_resource_stage.go:38.2,38.14 1 1
github.com/armory-io/pacrd/api/v1alpha1/find_artifacts_from_resource_stage.go:35.55,37.3 1 3
github.com/armory-io/pacrd/api/v1alpha1/delete_manifest_stage.go:75.64,78.16 2 1
github.com/armory-io/pacrd/api/v1alpha1/delete_manifest_stage.go:83.2,83.12 1 1
github.com/armory-io/pacrd/api/v1alpha1/delete_manifest_stage.go:78.16,81.3 2 0
github.com/armory-io/pacrd/api/v1alpha1/delete_manifest_stage.go:86.66,90.53 4 1
github.com/armory-io/pacrd/api/v1alpha1/delete_manifest_stage.go:95.2,95.75 1 1
github.com/armory-io/pacrd/api/v1alpha1/delete_manifest_stage.go:106.2,106.14 1 1
github.com/armory-io/pacrd/api/v1alpha1/delete_manifest_stage.go:90.53,92.3 1 3
github.com/armory-io/pacrd/api/v1alpha1/delete_manifest_stage.go:95.75,98.17 2 1
github.com/armory-io/pacrd/api/v1alpha1/delete_manifest_stage.go:103.3,103.39 1 1
github.com/armory-io/pacrd/api/v1alpha1/delete_manifest_stage.go:98.17,101.4 2 0
github.com/armory-io/pacrd/api/v1alpha1/deploy_manifest_stage.go:83.64,86.16 2 100
github.com/armory-io/pacrd/api/v1alpha1/deploy_manifest_stage.go:91.2,91.12 1 100
github.com/armory-io/pacrd/api/v1alpha1/deploy_manifest_stage.go:86.16,89.3 2 0
github.com/armory-io/pacrd/api/v1alpha1/deploy_manifest_stage.go:94.66,98.53 4 100
github.com/armory-io/pacrd/api/v1alpha1/deploy_manifest_stage.go:102.2,102.37 1 100
github.com/armory-io/pacrd/api/v1alpha1/deploy_manifest_stage.go:119.2,119.14 1 100
github.com/armory-io/pacrd/api/v1alpha1/deploy_manifest_stage.go:98.53,100.3 1 300
github.com/armory-io/pacrd/api/v1alpha1/deploy_manifest_stage.go:102.37,104.25 2 100
github.com/armory-io/pacrd/api/v1alpha1/deploy_manifest_stage.go:104.25,107.45 2 100
github.com/armory-io/pacrd/api/v1alpha1/deploy_manifest_stage.go:116.4,116.39 1 100
github.com/armory-io/pacrd/api/v1alpha1/deploy_manifest_stage.go:107.45,110.19 3 100
github.com/armory-io/pacrd/api/v1alpha1/deploy_manifest_stage.go:114.5,114.54 1 100
github.com/armory-io/pacrd/api/v1alpha1/deploy_manifest_stage.go:110.19,113.6 2 0
github.com/armory-io/pacrd/api/v1alpha1/stage.go:60.56,62.38 1 107
github.com/armory-io/pacrd/api/v1alpha1/stage.go:66.2,68.16 3 107
github.com/armory-io/pacrd/api/v1alpha1/stage.go:62.38,64.3 1 107
github.com/armory-io/pacrd/api/v1alpha1/unknown_stage.go:11.62,15.16 3 0
github.com/armory-io/pacrd/api/v1alpha1/unknown_stage.go:20.2,22.12 2 0
github.com/armory-io/pacrd/api/v1alpha1/unknown_stage.go:15.16,18.3 2 0
github.com/armory-io/pacrd/api/v1alpha1/unknown_stage.go:25.64,29.2 2 0
github.com/armory-io/pacrd/api/v1alpha1/webhook_stage.go:61.56,64.16 2 1
github.com/armory-io/pacrd/api/v1alpha1/webhook_stage.go:69.2,69.12 1 1
github.com/armory-io/pacrd/api/v1alpha1/webhook_stage.go:64.16,67.3 2 0
github.com/armory-io/pacrd/api/v1alpha1/webhook_stage.go:72.58,77.52 4 1
github.com/armory-io/pacrd/api/v1alpha1/webhook_stage.go:81.2,82.16 2 1
github.com/armory-io/pacrd/api/v1alpha1/webhook_stage.go:85.2,86.16 2 1
github.com/armory-io/pacrd/api/v1alpha1/webhook_stage.go:89.2,90.16 2 1
github.com/armory-io/pacrd/api/v1alpha1/webhook_stage.go:93.2,93.14 1 1
github.com/armory-io/pacrd/api/v1alpha1/webhook_stage.go:77.52,79.3 1 3
github.com/armory-io/pacrd/api/v1alpha1/webhook_stage.go:82.16,84.3 1 0
github.com/armory-io/pacrd/api/v1alpha1/webhook_stage.go:86.16,88.3 1 0
github.com/armory-io/pacrd/api/v1alpha1/webhook_stage.go:90.16,92.3 1 0
github.com/armory-io/pacrd/api/v1alpha1/artifacts.go:44.67,50.16 5 0
github.com/armory-io/pacrd/api/v1alpha1/artifacts.go:53.2,55.30 2 0
github.com/armory-io/pacrd/api/v1alpha1/artifacts.go:63.2,63.25 1 0
github.com/armory-io/pacrd/api/v1alpha1/artifacts.go:50.16,52.3 1 0
github.com/armory-io/pacrd/api/v1alpha1/artifacts.go:55.30,57.17 2 0
github.com/armory-io/pacrd/api/v1alpha1/artifacts.go:60.3,60.67 1 0
github.com/armory-io/pacrd/api/v1alpha1/artifacts.go:57.17,59.4 1 0
github.com/armory-io/pacrd/api/v1alpha1/artifacts.go:79.43,81.2 1 0
github.com/armory-io/pacrd/api/v1alpha1/artifacts.go:96.60,103.2 4 0
github.com/armory-io/pacrd/api/v1alpha1/artifacts.go:105.67,109.2 2 0
github.com/armory-io/pacrd/api/v1alpha1/artifacts.go:121.59,124.16 2 0
github.com/armory-io/pacrd/api/v1alpha1/artifacts.go:128.2,128.19 1 0
github.com/armory-io/pacrd/api/v1alpha1/artifacts.go:132.2,132.12 1 0
github.com/armory-io/pacrd/api/v1alpha1/artifacts.go:124.16,126.3 1 0
github.com/armory-io/pacrd/api/v1alpha1/artifacts.go:128.19,130.3 1 0
github.com/armory-io/pacrd/api/v1alpha1/artifacts.go:142.61,145.16 2 0
github.com/armory-io/pacrd/api/v1alpha1/artifacts.go:149.2,149.19 1 0
github.com/armory-io/pacrd/api/v1alpha1/artifacts.go:153.2,153.12 1 0
github.com/armory-io/pacrd/api/v1alpha1/artifacts.go:145.16,147.3 1 0
github.com/armory-io/pacrd/api/v1alpha1/artifacts.go:149.19,151.3 1 0
github.com/armory-io/pacrd/api/v1alpha1/artifacts.go:156.68,160.2 3 0
github.com/armory-io/pacrd/api/v1alpha1/artifacts.go:174.66,178.2 3 0
github.com/armory-io/pacrd/api/v1alpha1/artifacts.go:180.59,183.16 2 0
github.com/armory-io/pacrd/api/v1alpha1/artifacts.go:187.2,187.17 1 0
github.com/armory-io/pacrd/api/v1alpha1/artifacts.go:191.2,191.19 1 0
github.com/armory-io/pacrd/api/v1alpha1/artifacts.go:195.2,195.30 1 0
github.com/armory-io/pacrd/api/v1alpha1/artifacts.go:199.2,199.12 1 0
github.com/armory-io/pacrd/api/v1alpha1/artifacts.go:183.16,185.3 1 0
github.com/armory-io/pacrd/api/v1alpha1/artifacts.go:187.18,189.3 0 0
github.com/armory-io/pacrd/api/v1alpha1/artifacts.go:191.19,193.3 1 0
github.com/armory-io/pacrd/api/v1alpha1/artifacts.go:195.30,197.3 1 0
github.com/armory-io/pacrd/api/v1alpha1/artifacts.go:208.75,211.17 2 0
github.com/armory-io/pacrd/api/v1alpha1/artifacts.go:220.2,221.15 2 0
github.com/armory-io/pacrd/api/v1alpha1/artifacts.go:212.22,213.37 1 0
github.com/armory-io/pacrd/api/v1alpha1/artifacts.go:214.25,215.39 1 0
github.com/armory-io/pacrd/api/v1alpha1/artifacts.go:216.10,217.38 1 0
github.com/armory-io/pacrd/api/v1alpha1/artifacts.go:225.79,226.30 1 0
github.com/armory-io/pacrd/api/v1alpha1/artifacts.go:236.2,236.116 1 0
github.com/armory-io/pacrd/api/v1alpha1/artifacts.go:226.30,227.33 1 0
github.com/armory-io/pacrd/api/v1alpha1/artifacts.go:231.3,231.60 1 0
github.com/armory-io/pacrd/api/v1alpha1/artifacts.go:227.33,229.4 1 0
github.com/armory-io/pacrd/api/v1alpha1/artifacts.go:231.60,233.4 1 0
github.com/armory-io/pacrd/api/v1alpha1/check_preconditions_stage.go:28.68,31.16 2 1
github.com/armory-io/pacrd/api/v1alpha1/check_preconditions_stage.go:36.2,36.32 1 1
github.com/armory-io/pacrd/api/v1alpha1/check_preconditions_stage.go:40.2,40.12 1 1
github.com/armory-io/pacrd/api/v1alpha1/check_preconditions_stage.go:31.16,34.3 2 0
github.com/armory-io/pacrd/api/v1alpha1/check_preconditions_stage.go:36.32,38.3 1 1
github.com/armory-io/pacrd/api/v1alpha1/check_preconditions_stage.go:43.70,47.53 4 1
github.com/armory-io/pacrd/api/v1alpha1/check_preconditions_stage.go:50.2,50.14 1 1
github.com/armory-io/pacrd/api/v1alpha1/check_preconditions_stage.go:47.53,49.3 1 3
github.com/armory-io/pacrd/api/v1alpha1/triggers.go:31.63,33.2 1 0
github.com/armory-io/pacrd/api/v1alpha1/triggers.go:35.65,39.2 3 0
github.com/armory-io/pacrd/api/v1alpha1/triggers.go:47.64,54.2 4 0
github.com/armory-io/pacrd/api/v1alpha1/triggers.go:56.66,59.2 2 0
github.com/armory-io/pacrd/api/v1alpha1/triggers.go:61.56,65.16 2 0
github.com/armory-io/pacrd/api/v1alpha1/triggers.go:72.2,73.15 2 0
github.com/armory-io/pacrd/api/v1alpha1/triggers.go:66.16,67.35 1 0
github.com/armory-io/pacrd/api/v1alpha1/triggers.go:68.10,69.36 1 0
github.com/armory-io/pacrd/api/v1alpha1/bake_manifest_stage.go:48.62,51.16 2 1
github.com/armory-io/pacrd/api/v1alpha1/bake_manifest_stage.go:56.2,56.33 1 1
github.com/armory-io/pacrd/api/v1alpha1/bake_manifest_stage.go:60.2,60.28 1 1
github.com/armory-io/pacrd/api/v1alpha1/bake_manifest_stage.go:64.2,64.12 1 1
github.com/armory-io/pacrd/api/v1alpha1/bake_manifest_stage.go:51.16,54.3 2 0
github.com/armory-io/pacrd/api/v1alpha1/bake_manifest_stage.go:56.33,58.3 1 1
github.com/armory-io/pacrd/api/v1alpha1/bake_manifest_stage.go:60.28,62.3 1 1
github.com/armory-io/pacrd/api/v1alpha1/bake_manifest_stage.go:67.64,71.53 4 1
github.com/armory-io/pacrd/api/v1alpha1/bake_manifest_stage.go:74.2,74.14 1 1
github.com/armory-io/pacrd/api/v1alpha1/bake_manifest_stage.go:71.53,73.3 1 3
github.com/armory-io/pacrd/controllers/application_controller.go:57.82,66.61 5 0
github.com/armory-io/pacrd/controllers/application_controller.go:71.2,71.28 1 0
github.com/armory-io/pacrd/controllers/application_controller.go:75.2,75.24 1 0
github.com/armory-io/pacrd/controllers/application_controller.go:97.2,99.20 3 0
github.com/armory-io/pacrd/controllers/application_controller.go:135.2,138.69 3 0
github.com/armory-io/pacrd/controllers/application_controller.go:148.2,152.70 3 0
github.com/armory-io/pacrd/controllers/application_controller.go:156.2,163.63 3 0
github.com/armory-io/pacrd/controllers/application_controller.go:66.61,68.3 1 0
github.com/armory-io/pacrd/controllers/application_controller.go:71.28,73.3 1 0
github.com/armory-io/pacrd/controllers/application_controller.go:75.24,79.50 3 0
github.com/armory-io/pacrd/controllers/application_controller.go:89.3,90.28 2 0
github.com/armory-io/pacrd/controllers/application_controller.go:79.50,87.4 2 0
github.com/armory-io/pacrd/controllers/application_controller.go:91.8,91.51 1 0
github.com/armory-io/pacrd/controllers/application_controller.go:91.51,93.3 1 0
github.com/armory-io/pacrd/controllers/application_controller.go:99.20,101.54 1 0
github.com/armory-io/pacrd/controllers/application_controller.go:126.3,132.75 2 0
github.com/armory-io/pacrd/controllers/application_controller.go:101.54,107.22 4 0
github.com/armory-io/pacrd/controllers/application_controller.go:113.4,120.65 3 0
github.com/armory-io/pacrd/controllers/application_controller.go:107.22,111.5 1 0
github.com/armory-io/pacrd/controllers/application_controller.go:138.69,146.3 2 0
github.com/armory-io/pacrd/controllers/application_controller.go:152.70,154.3 1 0
github.com/armory-io/pacrd/controllers/application_controller.go:166.88,172.50 2 0
github.com/armory-io/pacrd/controllers/application_controller.go:192.2,192.12 1 0
github.com/armory-io/pacrd/controllers/application_controller.go:172.50,173.71 1 0
github.com/armory-io/pacrd/controllers/application_controller.go:186.3,187.62 2 0
github.com/armory-io/pacrd/controllers/application_controller.go:173.71,175.51 2 0
github.com/armory-io/pacrd/controllers/application_controller.go:175.52,179.5 0 0
github.com/armory-io/pacrd/controllers/application_controller.go:179.10,181.5 1 0
github.com/armory-io/pacrd/controllers/application_controller.go:187.62,189.4 1 0
github.com/armory-io/pacrd/controllers/application_controller.go:196.83,198.51 2 0
github.com/armory-io/pacrd/controllers/application_controller.go:205.2,205.12 1 0
github.com/armory-io/pacrd/controllers/application_controller.go:198.51,200.62 2 0
github.com/armory-io/pacrd/controllers/application_controller.go:200.62,202.4 1 0
github.com/armory-io/pacrd/controllers/application_controller.go:208.74,212.2 1 0
github.com/armory-io/pacrd/controllers/application_controller.go:214.113,215.27 1 0
github.com/armory-io/pacrd/controllers/application_controller.go:218.2,220.54 3 0
github.com/armory-io/pacrd/controllers/application_controller.go:215.27,217.3 1 0
github.com/armory-io/pacrd/controllers/application_controller.go:225.141,228.2 2 0
github.com/armory-io/pacrd/controllers/helpers.go:3.52,4.29 1 0
github.com/armory-io/pacrd/controllers/helpers.go:9.2,9.14 1 0
github.com/armory-io/pacrd/controllers/helpers.go:4.29,5.16 1 0
github.com/armory-io/pacrd/controllers/helpers.go:5.16,7.4 1 0
github.com/armory-io/pacrd/controllers/helpers.go:12.63,13.29 1 0
github.com/armory-io/pacrd/controllers/helpers.go:19.2,19.8 1 0
github.com/armory-io/pacrd/controllers/helpers.go:13.29,14.16 1 0
github.com/armory-io/pacrd/controllers/helpers.go:17.3,17.32 1 0
github.com/armory-io/pacrd/controllers/helpers.go:14.16,15.12 1 0
github.com/armory-io/pacrd/controllers/pipeline_controller.go:55.79,61.66 4 0
github.com/armory-io/pacrd/controllers/pipeline_controller.go:65.2,68.33 2 0
github.com/armory-io/pacrd/controllers/pipeline_controller.go:72.2,72.29 1 0
github.com/armory-io/pacrd/controllers/pipeline_controller.go:91.2,91.41 1 0
github.com/armory-io/pacrd/controllers/pipeline_controller.go:114.2,116.16 2 0
github.com/armory-io/pacrd/controllers/pipeline_controller.go:120.2,122.16 2 0
github.com/armory-io/pacrd/controllers/pipeline_controller.go:133.2,134.74 2 0
github.com/armory-io/pacrd/controllers/pipeline_controller.go:138.2,139.65 2 0
github.com/armory-io/pacrd/controllers/pipeline_controller.go:61.66,63.3 1 0
github.com/armory-io/pacrd/controllers/pipeline_controller.go:68.33,70.3 1 0
github.com/armory-io/pacrd/controllers/pipeline_controller.go:72.29,76.52 3 0
github.com/armory-io/pacrd/controllers/pipeline_controller.go:80.3,81.28 2 0
github.com/armory-io/pacrd/controllers/pipeline_controller.go:76.52,78.4 1 0
github.com/armory-io/pacrd/controllers/pipeline_controller.go:83.8,83.56 1 0
github.com/armory-io/pacrd/controllers/pipeline_controller.go:83.56,85.3 1 0
github.com/armory-io/pacrd/controllers/pipeline_controller.go:91.41,92.31 1 0
github.com/armory-io/pacrd/controllers/pipeline_controller.go:92.31,93.81 1 0
github.com/armory-io/pacrd/controllers/pipeline_controller.go:93.81,95.19 2 0
github.com/armory-io/pacrd/controllers/pipeline_controller.go:107.5,107.15 1 0
github.com/armory-io/pacrd/controllers/pipeline_controller.go:95.19,105.6 2 0
github.com/armory-io/pacrd/controllers/pipeline_controller.go:116.16,118.3 1 0
github.com/armory-io/pacrd/controllers/pipeline_controller.go:122.16,125.52 2 0
github.com/armory-io/pacrd/controllers/pipeline_controller.go:129.3,130.66 2 0
github.com/armory-io/pacrd/controllers/pipeline_controller.go:125.52,127.4 1 0
github.com/armory-io/pacrd/controllers/pipeline_controller.go:134.74,137.3 2 0
github.com/armory-io/pacrd/controllers/pipeline_controller.go:146.137,149.2 2 0
github.com/armory-io/pacrd/controllers/pipeline_controller.go:154.109,155.32 1 0
github.com/armory-io/pacrd/controllers/pipeline_controller.go:158.2,160.59 3 0
github.com/armory-io/pacrd/controllers/pipeline_controller.go:155.32,157.3 1 0
github.com/armory-io/pacrd/controllers/pipeline_controller.go:164.82,166.56 2 0
github.com/armory-io/pacrd/controllers/pipeline_controller.go:173.2,173.12 1 0
github.com/armory-io/pacrd/controllers/pipeline_controller.go:166.56,168.67 2 0
github.com/armory-io/pacrd/controllers/pipeline_controller.go:168.67,170.4 1 0
github.com/armory-io/pacrd/controllers/pipeline_controller.go:176.99,181.16 2 0
github.com/armory-io/pacrd/controllers/pipeline_controller.go:191.2,191.65 1 0
github.com/armory-io/pacrd/controllers/pipeline_controller.go:181.16,189.3 2 0
github.com/armory-io/pacrd/controllers/pipeline_controller.go:197.84,202.16 2 0
github.com/armory-io/pacrd/controllers/pipeline_controller.go:214.2,214.67 1 0
github.com/armory-io/pacrd/controllers/pipeline_controller.go:228.2,234.12 2 0
github.com/armory-io/pacrd/controllers/pipeline_controller.go:202.16,212.3 2 0
github.com/armory-io/pacrd/controllers/pipeline_controller.go:214.67,227.3 3 0
github.com/armory-io/pacrd/controllers/pipeline_controller.go:237.138,242.16 3 0
github.com/armory-io/pacrd/controllers/pipeline_controller.go:252.2,252.89 1 0
github.com/armory-io/pacrd/controllers/pipeline_controller.go:264.2,270.12 2 0
github.com/armory-io/pacrd/controllers/pipeline_controller.go:242.16,251.3 2 0
github.com/armory-io/pacrd/controllers/pipeline_controller.go:252.89,262.3 3 0
github.com/armory-io/pacrd/controllers/pipeline_controller.go:273.138,275.59 1 0
github.com/armory-io/pacrd/controllers/pipeline_controller.go:275.59,280.3 3 0
github.com/armory-io/pacrd/controllers/pipeline_controller.go:283.84,289.55 2 0
github.com/armory-io/pacrd/controllers/pipeline_controller.go:312.2,312.12 1 0
github.com/armory-io/pacrd/controllers/pipeline_controller.go:289.55,291.17 2 0
github.com/armory-io/pacrd/controllers/pipeline_controller.go:294.3,294.69 1 0
github.com/armory-io/pacrd/controllers/pipeline_controller.go:306.3,307.67 2 0
github.com/armory-io/pacrd/controllers/pipeline_controller.go:291.17,293.4 1 0
github.com/armory-io/pacrd/controllers/pipeline_controller.go:294.69,296.45 2 0
github.com/armory-io/pacrd/controllers/pipeline_controller.go:296.46,299.5 0 0
github.com/armory-io/pacrd/controllers/pipeline_controller.go:299.10,301.5 1 0
github.com/armory-io/pacrd/controllers/pipeline_controller.go:307.67,309.4 1 0
github.com/armory-io/pacrd/controllers/pipeline_controller.go:315.71,319.2 1 0
github.com/armory-io/pacrd/controllers/pipeline_controller.go:321.95,322.37 1 0
github.com/armory-io/pacrd/controllers/pipeline_controller.go:327.2,327.94 1 0
github.com/armory-io/pacrd/controllers/pipeline_controller.go:322.37,323.49 1 0
github.com/armory-io/pacrd/controllers/pipeline_controller.go:323.49,325.4 1 0
